2021-05-21 16:43:40,649 : 15.46 : root : <module> : 4
2021-05-21 16:43:40,650 : 15.45 : root : <module> : 5
2021-05-21 16:43:40,650 : 15.46 : root : <module> : 6
2021-05-21 16:43:40,651 : 15.45 : root : <module> : 7
2021-05-21 16:43:40,652 : 15.46 : root : <module> : 8
2021-05-21 16:43:40,653 : 15.46 : root : <module> : 9
2021-05-21 16:43:40,653 : 15.46 : root : <module> : 10
2021-05-21 16:46:29,155 : [3, 4, 5] : root : <module> : 1
2021-05-21 16:46:30,718 : [3, 5, 7, 9, 11, 13, 15, 17, 19] : root : <module> : 1
2021-05-21 16:46:30,857 : [3, 5, 7, 9, 11, 13, 15, 17, 19] : root : <module> : 1
2021-05-21 16:46:33,202 : [0, 2, 4, 6, 8, 10, 12, 14, 16, 18, 20, 22, 24, 26, 28, 30, 32, 34, 36, 38, 40, 42, 44, 46, 48, 50, 52, 54, 56, 58, 60, 62, 64, 66, 68, 70, 72, 74, 76, 78, 80, 82, 84, 86, 88, 90, 92, 94, 96, 98, 100, 102, 104, 106, 108, 110, 112, 114, 116, 118, 120, 122, 124, 126, 128, 130, 132, 134, 136, 138, 140, 142, 144, 146, 148, 150, 152, 154, 156, 158, 160, 162, 164, 166, 168, 170, 172, 174, 176, 178, 180, 182, 184, 186, 188, 190, 192, 194, 196, 198, 200] : root : <module> : 1
2021-05-21 16:46:35,205 : [2, 0, -2, -4, -6, -8, -10, -12] : root : <module> : 1
2021-05-21 22:37:32,311 : 0 : root : <module> : 7
2021-05-21 22:37:32,315 : 1 : root : <module> : 7
2021-05-21 22:37:32,316 : 4 : root : <module> : 7
2021-05-21 22:37:32,316 : 9 : root : <module> : 7
2021-05-21 22:37:32,316 : 16 : root : <module> : 7
2021-05-21 22:37:32,316 : 25 : root : <module> : 7
2021-05-21 22:37:32,316 : 36 : root : <module> : 7
2021-05-21 22:37:32,316 : 49 : root : <module> : 7
2021-05-21 22:37:32,316 : 64 : root : <module> : 7
2021-05-21 22:37:32,317 : 81 : root : <module> : 7
2021-05-21 22:37:32,317 : 100 : root : <module> : 7
2021-05-21 22:37:32,317 : 121 : root : <module> : 7
2021-05-21 22:37:32,317 : 144 : root : <module> : 7
2021-05-21 22:37:32,317 : 169 : root : <module> : 7
2021-05-21 22:37:32,317 : 196 : root : <module> : 7
2021-05-21 22:37:32,317 : 225 : root : <module> : 7
2021-05-21 22:37:32,317 : 256 : root : <module> : 7
2021-05-21 22:37:32,317 : 289 : root : <module> : 7
2021-05-21 22:37:32,318 : 324 : root : <module> : 7
2021-05-21 22:37:32,318 : 361 : root : <module> : 7
2021-05-21 22:37:32,318 : 400 : root : <module> : 7
2021-05-21 22:37:32,318 : 441 : root : <module> : 7
2021-05-21 22:37:32,318 : 484 : root : <module> : 7
2021-05-21 22:37:32,318 : 529 : root : <module> : 7
2021-05-21 22:37:32,318 : 576 : root : <module> : 7
2021-05-21 22:37:32,318 : 625 : root : <module> : 7
2021-05-21 22:37:32,318 : 676 : root : <module> : 7
2021-05-21 22:37:32,319 : 729 : root : <module> : 7
2021-05-21 22:37:32,319 : 784 : root : <module> : 7
2021-05-21 22:37:32,319 : 841 : root : <module> : 7
2021-05-21 22:37:32,319 : 900 : root : <module> : 7
2021-05-21 22:37:32,319 : 961 : root : <module> : 7
2021-05-21 22:37:32,319 : 1024 : root : <module> : 7
2021-05-21 22:37:32,319 : 1089 : root : <module> : 7
2021-05-21 22:37:32,319 : 1156 : root : <module> : 7
2021-05-21 22:37:32,319 : 1225 : root : <module> : 7
2021-05-21 22:37:32,320 : 1296 : root : <module> : 7
2021-05-21 22:37:32,320 : 1369 : root : <module> : 7
2021-05-21 22:37:32,320 : 1444 : root : <module> : 7
2021-05-21 22:37:32,320 : 1521 : root : <module> : 7
2021-05-21 22:37:32,320 : 1600 : root : <module> : 7
2021-05-21 22:37:32,320 : 1681 : root : <module> : 7
2021-05-21 22:37:32,320 : 1764 : root : <module> : 7
2021-05-21 22:37:32,320 : 1849 : root : <module> : 7
2021-05-21 22:37:32,320 : 1936 : root : <module> : 7
2021-05-21 22:37:32,321 : 2025 : root : <module> : 7
2021-05-21 22:37:32,321 : 2116 : root : <module> : 7
2021-05-21 22:37:32,321 : 2209 : root : <module> : 7
2021-05-21 22:37:32,321 : 2304 : root : <module> : 7
2021-05-21 22:37:32,321 : 2401 : root : <module> : 7
2021-05-21 22:37:32,321 : 2500 : root : <module> : 7
2021-05-21 22:37:32,322 : 2601 : root : <module> : 7
2021-05-21 22:37:32,322 : 2704 : root : <module> : 7
2021-05-21 22:37:32,322 : 2809 : root : <module> : 7
2021-05-21 22:37:32,322 : 2916 : root : <module> : 7
2021-05-21 22:37:32,323 : 3025 : root : <module> : 7
2021-05-21 22:37:32,323 : 3136 : root : <module> : 7
2021-05-21 22:37:32,323 : 3249 : root : <module> : 7
2021-05-21 22:37:32,323 : 3364 : root : <module> : 7
2021-05-21 22:37:32,323 : 3481 : root : <module> : 7
2021-05-21 22:37:32,324 : 3600 : root : <module> : 7
2021-05-21 22:37:32,324 : 3721 : root : <module> : 7
2021-05-21 22:37:32,324 : 3844 : root : <module> : 7
2021-05-21 22:37:32,324 : 3969 : root : <module> : 7
2021-05-21 22:37:32,324 : 4096 : root : <module> : 7
2021-05-21 22:37:32,324 : 4225 : root : <module> : 7
2021-05-21 22:37:32,324 : 4356 : root : <module> : 7
2021-05-21 22:37:32,324 : 4489 : root : <module> : 7
2021-05-21 22:37:32,325 : 4624 : root : <module> : 7
2021-05-21 22:37:32,325 : 4761 : root : <module> : 7
2021-05-21 22:37:32,325 : 4900 : root : <module> : 7
2021-05-21 22:37:32,325 : 5041 : root : <module> : 7
2021-05-21 22:37:32,325 : 5184 : root : <module> : 7
2021-05-21 22:37:32,325 : 5329 : root : <module> : 7
2021-05-21 22:37:32,325 : 5476 : root : <module> : 7
2021-05-21 22:37:32,325 : 5625 : root : <module> : 7
2021-05-21 22:37:32,325 : 5776 : root : <module> : 7
2021-05-21 22:37:32,326 : 5929 : root : <module> : 7
2021-05-21 22:37:32,326 : 6084 : root : <module> : 7
2021-05-21 22:37:32,326 : 6241 : root : <module> : 7
2021-05-21 22:37:32,326 : 6400 : root : <module> : 7
2021-05-21 22:37:32,326 : 6561 : root : <module> : 7
2021-05-21 22:37:32,326 : 6724 : root : <module> : 7
2021-05-21 22:37:32,326 : 6889 : root : <module> : 7
2021-05-21 22:37:32,326 : 7056 : root : <module> : 7
2021-05-21 22:37:32,326 : 7225 : root : <module> : 7
2021-05-21 22:37:32,327 : 7396 : root : <module> : 7
2021-05-21 22:37:32,327 : 7569 : root : <module> : 7
2021-05-21 22:37:32,327 : 7744 : root : <module> : 7
2021-05-21 22:37:32,327 : 7921 : root : <module> : 7
2021-05-21 22:37:32,327 : 8100 : root : <module> : 7
2021-05-21 22:37:32,327 : 8281 : root : <module> : 7
2021-05-21 22:37:32,327 : 8464 : root : <module> : 7
2021-05-21 22:37:32,327 : 8649 : root : <module> : 7
2021-05-21 22:37:32,328 : 8836 : root : <module> : 7
2021-05-21 22:37:32,328 : 9025 : root : <module> : 7
2021-05-21 22:37:32,328 : 9216 : root : <module> : 7
2021-05-21 22:37:32,328 : 9409 : root : <module> : 7
2021-05-21 22:37:32,328 : 9604 : root : <module> : 7
2021-05-21 22:37:32,328 : 9801 : root : <module> : 7
2021-05-21 22:38:10,909 : 10:38:10 PM : root : <module> : 2
2021-05-21 22:38:10,909 : 10:38:10 PM : root : <module> : 5
2021-05-21 22:38:11,910 : 10:38:11 PM : root : <module> : 5
2021-05-21 22:38:12,912 : 10:38:12 PM : root : <module> : 5
2021-05-21 22:38:13,924 : 10:38:13 PM : root : <module> : 5
2021-05-21 22:38:14,927 : 10:38:14 PM : root : <module> : 5
2021-05-21 22:38:15,941 : 10:38:15 PM : root : <module> : 5
2021-05-21 22:38:16,956 : 10:38:16 PM : root : <module> : 5
2021-05-21 22:38:17,970 : 10:38:17 PM : root : <module> : 5
2021-05-21 22:38:18,985 : 10:38:18 PM : root : <module> : 5
2021-05-21 22:38:19,987 : 10:38:19 PM : root : <module> : 5
2021-05-21 22:39:02,038 : Starting at: Fri May 21 22:39:02 2021 : root : <module> : 4
2021-05-21 22:39:07,046 : Stops at: Fri May 21 22:39:07 2021 : root : <module> : 6
2021-05-21 22:39:09,852 : 10:39:09 PM : root : <module> : 2
2021-05-21 22:39:09,852 : 10:39:09 PM : root : <module> : 5
2021-05-21 22:39:10,859 : 10:39:10 PM : root : <module> : 5
2021-05-21 22:39:11,862 : 10:39:11 PM : root : <module> : 5
2021-05-21 22:39:12,876 : 10:39:12 PM : root : <module> : 5
2021-05-21 22:39:13,891 : 10:39:13 PM : root : <module> : 5
2021-05-21 22:39:14,893 : 10:39:14 PM : root : <module> : 5
2021-05-21 22:39:15,896 : 10:39:15 PM : root : <module> : 5
2021-05-21 22:39:16,902 : 10:39:16 PM : root : <module> : 5
2021-05-21 22:39:17,902 : 10:39:17 PM : root : <module> : 5
2021-05-21 22:39:18,909 : 10:39:18 PM : root : <module> : 5
2021-05-21 22:40:32,570 : deque([1, 5, 1, 5, 12, 1, 1, 2, 5, 17]) : root : <module> : 17
2021-05-21 22:40:32,570 : deque([5, 1, 5, 12, 1, 1, 2, 5, 17]) : root : <module> : 20
2021-05-21 22:40:32,571 : 1 : root : <module> : 22
2021-05-21 22:40:32,571 : deque([25, 5, 1, 5, 12, 1, 1, 2, 5, 17]) : root : <module> : 25
2021-05-21 22:40:32,572 : deque([25, 5, 1, 5, 12, 1, 1, 2, 5, 17, 100, 200, 400]) : root : <module> : 28
2021-05-21 22:40:32,572 : deque([400, 200, 100, 17, 5, 2, 1, 1, 12, 5, 1, 5, 25]) : root : <module> : 31
2021-05-21 22:40:32,572 : deque([200, 100, 400, 200, 100, 17, 5, 2, 1, 1, 12, 5, 1, 5, 25]) : root : <module> : 34
2021-05-21 22:41:31,737 : True : root : <module> : 6
2021-05-21 22:41:31,737 : None : root : <module> : 7
2021-05-21 22:41:31,738 : 4 : root : <module> : 8
2021-05-21 22:41:31,738 : None : root : <module> : 9
2021-05-21 22:41:31,738 : 0 : root : <module> : 10
2021-05-21 22:41:31,739 : False : root : <module> : 11
2021-05-21 22:46:07,556 : Counter({'x': 4, 'y': 2, 'z': 2}) : root : <module> : 3
2021-05-21 22:46:09,290 : True : root : <module> : 6
2021-05-21 22:46:09,291 : None : root : <module> : 7
2021-05-21 22:46:09,291 : 4 : root : <module> : 8
2021-05-21 22:46:09,292 : None : root : <module> : 9
2021-05-21 22:46:09,292 : 0 : root : <module> : 10
2021-05-21 22:46:09,296 : False : root : <module> : 11
2021-05-21 22:47:00,081 : Counter({'o': 4, ' ': 3, 'e': 2, 'l': 2, 't': 2, 'W': 1, 'c': 1, 'm': 1, 'p': 1, 'y': 1, 'h': 1, 'n': 1, 'w': 1, 'r': 1, 'd': 1, '!': 1}) : root : <module> : 3
2021-05-21 22:47:43,108 : Counter({'y': 2, 'z': 2}) : root : <module> : 5
2021-05-21 22:48:41,001 : {'x1', 'y', 'z'} : root : <module> : 15
2021-05-21 22:48:41,001 : {'x', 'z', 'x1', 'y'} : root : <module> : 17
2021-05-21 22:48:45,532 : Counter({'y': 2, 'z': 2}) : root : <module> : 5
2021-05-21 22:50:10,717 : 1 : root : <module> : 5
2021-05-21 22:50:10,717 : 2 : root : <module> : 5
2021-05-21 22:50:10,717 : 3 : root : <module> : 5
2021-05-21 22:50:10,717 : 5 : root : <module> : 5
2021-05-21 22:50:10,717 : 4 : root : <module> : 5
2021-05-21 22:50:32,995 : 2 : root : <module> : 3
2021-05-21 22:50:59,644 : Counter({3: 10, 1: 4, 2: 3, 4: 3, 5: 2}) : root : <module> : 4
2021-05-21 22:51:35,524 : (0, 'eat') : root : <module> : 7
2021-05-21 22:51:35,525 : (1, 'sleep') : root : <module> : 7
2021-05-21 22:51:35,525 : (2, 'repeat') : root : <module> : 7
2021-05-21 22:51:35,526 : (0, 'c') : root : <module> : 9
2021-05-21 22:51:35,526 : (1, 'h') : root : <module> : 9
2021-05-21 22:51:35,526 : (2, 'i') : root : <module> : 9
2021-05-21 22:51:35,527 : (3, 's') : root : <module> : 9
2021-05-21 22:51:35,527 : (4, 't') : root : <module> : 9
2021-05-21 22:51:35,527 : (5, 'a') : root : <module> : 9
2021-05-21 22:51:35,527 : (6, 't') : root : <module> : 9
2021-05-21 22:51:35,528 : (7, 's') : root : <module> : 9
2021-05-21 22:51:35,528 : (0, 'A') : root : <module> : 11
2021-05-21 22:51:35,528 : (1, 'B') : root : <module> : 11
2021-05-21 22:51:35,528 : (2, 'C') : root : <module> : 11
2021-05-21 22:51:35,528 : (3, 'D') : root : <module> : 11
2021-05-21 22:51:35,529 : (4, 'E') : root : <module> : 11
2021-05-21 22:51:35,529 : (0, 'a') : root : <module> : 13
2021-05-21 22:51:35,529 : (1, 'b') : root : <module> : 13
2021-05-21 22:51:35,530 : (2, 'c') : root : <module> : 13
2021-05-21 22:51:35,530 : (3, 'd') : root : <module> : 13
